<?xml version="1.0" encoding="UTF-8"?>
<testsuite xmlns:xsi="http://www.w3.org/2001/XMLSchema-instance" xsi:noNamespaceSchemaLocation="https://maven.apache.org/surefire/maven-surefire-plugin/xsd/surefire-test-report.xsd" name="br.com.mlebilotta.f1challenge.F1challengeApplicationTests" time="2.18" tests="1" errors="0" skipped="0" failures="0">
  <properties>
    <property name="java.specification.version" value="17"/>
    <property name="sun.jnu.encoding" value="UTF-8"/>
    <property name="java.class.path" value="/home/marcobilotta/GitHub/Repository/Projects/f1-challenge/target/test-classes:/home/marcobilotta/GitHub/Repository/Projects/f1-challenge/target/classes:/home/marcobilotta/.m2/repository/org/springframework/boot/spring-boot-starter-data-jpa/3.0.11/spring-boot-starter-data-jpa-3.0.11.jar:/home/marcobilotta/.m2/repository/org/springframework/boot/spring-boot-starter-aop/3.0.11/spring-boot-starter-aop-3.0.11.jar:/home/marcobilotta/.m2/repository/org/springframework/spring-aop/6.0.12/spring-aop-6.0.12.jar:/home/marcobilotta/.m2/repository/org/aspectj/aspectjweaver/1.9.20/aspectjweaver-1.9.20.jar:/home/marcobilotta/.m2/repository/org/springframework/boot/spring-boot-starter-jdbc/3.0.11/spring-boot-starter-jdbc-3.0.11.jar:/home/marcobilotta/.m2/repository/com/zaxxer/HikariCP/5.0.1/HikariCP-5.0.1.jar:/home/marcobilotta/.m2/repository/org/springframework/spring-jdbc/6.0.12/spring-jdbc-6.0.12.jar:/home/marcobilotta/.m2/repository/org/hibernate/orm/hibernate-core/6.1.7.Final/hibernate-core-6.1.7.Final.jar:/home/marcobilotta/.m2/repository/jakarta/persistence/jakarta.persistence-api/3.1.0/jakarta.persistence-api-3.1.0.jar:/home/marcobilotta/.m2/repository/jakarta/transaction/jakarta.transaction-api/2.0.1/jakarta.transaction-api-2.0.1.jar:/home/marcobilotta/.m2/repository/org/jboss/logging/jboss-logging/3.5.3.Final/jboss-logging-3.5.3.Final.jar:/home/marcobilotta/.m2/repository/org/hibernate/common/hibernate-commons-annotations/6.0.6.Final/hibernate-commons-annotations-6.0.6.Final.jar:/home/marcobilotta/.m2/repository/org/jboss/jandex/2.4.2.Final/jandex-2.4.2.Final.jar:/home/marcobilotta/.m2/repository/com/fasterxml/classmate/1.5.1/classmate-1.5.1.jar:/home/marcobilotta/.m2/repository/net/bytebuddy/byte-buddy/1.12.23/byte-buddy-1.12.23.jar:/home/marcobilotta/.m2/repository/org/glassfish/jaxb/jaxb-runtime/4.0.3/jaxb-runtime-4.0.3.jar:/home/marcobilotta/.m2/repository/org/glassfish/jaxb/jaxb-core/4.0.3/jaxb-core-4.0.3.jar:/home/marcobilotta/.m2/repository/org/eclipse/angus/angus-activation/2.0.1/angus-activation-2.0.1.jar:/home/marcobilotta/.m2/repository/org/glassfish/jaxb/txw2/4.0.3/txw2-4.0.3.jar:/home/marcobilotta/.m2/repository/com/sun/istack/istack-commons-runtime/4.1.2/istack-commons-runtime-4.1.2.jar:/home/marcobilotta/.m2/repository/jakarta/inject/jakarta.inject-api/2.0.0/jakarta.inject-api-2.0.0.jar:/home/marcobilotta/.m2/repository/org/antlr/antlr4-runtime/4.10.1/antlr4-runtime-4.10.1.jar:/home/marcobilotta/.m2/repository/org/springframework/data/spring-data-jpa/3.0.10/spring-data-jpa-3.0.10.jar:/home/marcobilotta/.m2/repository/org/springframework/data/spring-data-commons/3.0.10/spring-data-commons-3.0.10.jar:/home/marcobilotta/.m2/repository/org/springframework/spring-orm/6.0.12/spring-orm-6.0.12.jar:/home/marcobilotta/.m2/repository/org/springframework/spring-context/6.0.12/spring-context-6.0.12.jar:/home/marcobilotta/.m2/repository/org/springframework/spring-tx/6.0.12/spring-tx-6.0.12.jar:/home/marcobilotta/.m2/repository/org/springframework/spring-beans/6.0.12/spring-beans-6.0.12.jar:/home/marcobilotta/.m2/repository/jakarta/annotation/jakarta.annotation-api/2.1.1/jakarta.annotation-api-2.1.1.jar:/home/marcobilotta/.m2/repository/org/slf4j/slf4j-api/2.0.9/slf4j-api-2.0.9.jar:/home/marcobilotta/.m2/repository/org/springframework/spring-aspects/6.0.12/spring-aspects-6.0.12.jar:/home/marcobilotta/.m2/repository/org/springframework/boot/spring-boot-starter-web/3.0.11/spring-boot-starter-web-3.0.11.jar:/home/marcobilotta/.m2/repository/org/springframework/boot/spring-boot-starter/3.0.11/spring-boot-starter-3.0.11.jar:/home/marcobilotta/.m2/repository/org/springframework/boot/spring-boot/3.0.11/spring-boot-3.0.11.jar:/home/marcobilotta/.m2/repository/org/springframework/boot/spring-boot-autoconfigure/3.0.11/spring-boot-autoconfigure-3.0.11.jar:/home/marcobilotta/.m2/repository/org/springframework/boot/spring-boot-starter-logging/3.0.11/spring-boot-starter-logging-3.0.11.jar:/home/marcobilotta/.m2/repository/ch/qos/logback/logback-classic/1.4.11/logback-classic-1.4.11.jar:/home/marcobilotta/.m2/repository/ch/qos/logback/logback-core/1.4.11/logback-core-1.4.11.jar:/home/marcobilotta/.m2/repository/org/apache/logging/log4j/log4j-to-slf4j/2.19.0/log4j-to-slf4j-2.19.0.jar:/home/marcobilotta/.m2/repository/org/apache/logging/log4j/log4j-api/2.19.0/log4j-api-2.19.0.jar:/home/marcobilotta/.m2/repository/org/slf4j/jul-to-slf4j/2.0.9/jul-to-slf4j-2.0.9.jar:/home/marcobilotta/.m2/repository/org/yaml/snakeyaml/1.33/snakeyaml-1.33.jar:/home/marcobilotta/.m2/repository/org/springframework/boot/spring-boot-starter-json/3.0.11/spring-boot-starter-json-3.0.11.jar:/home/marcobilotta/.m2/repository/com/fasterxml/jackson/core/jackson-databind/2.14.3/jackson-databind-2.14.3.jar:/home/marcobilotta/.m2/repository/com/fasterxml/jackson/core/jackson-annotations/2.14.3/jackson-annotations-2.14.3.jar:/home/marcobilotta/.m2/repository/com/fasterxml/jackson/core/jackson-core/2.14.3/jackson-core-2.14.3.jar:/home/marcobilotta/.m2/repository/com/fasterxml/jackson/datatype/jackson-datatype-jdk8/2.14.3/jackson-datatype-jdk8-2.14.3.jar:/home/marcobilotta/.m2/repository/com/fasterxml/jackson/datatype/jackson-datatype-jsr310/2.14.3/jackson-datatype-jsr310-2.14.3.jar:/home/marcobilotta/.m2/repository/com/fasterxml/jackson/module/jackson-module-parameter-names/2.14.3/jackson-module-parameter-names-2.14.3.jar:/home/marcobilotta/.m2/repository/org/springframework/boot/spring-boot-starter-tomcat/3.0.11/spring-boot-starter-tomcat-3.0.11.jar:/home/marcobilotta/.m2/repository/org/apache/tomcat/embed/tomcat-embed-core/10.1.13/tomcat-embed-core-10.1.13.jar:/home/marcobilotta/.m2/repository/org/apache/tomcat/embed/tomcat-embed-el/10.1.13/tomcat-embed-el-10.1.13.jar:/home/marcobilotta/.m2/repository/org/apache/tomcat/embed/tomcat-embed-websocket/10.1.13/tomcat-embed-websocket-10.1.13.jar:/home/marcobilotta/.m2/repository/org/springframework/spring-web/6.0.12/spring-web-6.0.12.jar:/home/marcobilotta/.m2/repository/io/micrometer/micrometer-observation/1.10.11/micrometer-observation-1.10.11.jar:/home/marcobilotta/.m2/repository/io/micrometer/micrometer-commons/1.10.11/micrometer-commons-1.10.11.jar:/home/marcobilotta/.m2/repository/org/springframework/spring-webmvc/6.0.12/spring-webmvc-6.0.12.jar:/home/marcobilotta/.m2/repository/org/springframework/spring-expression/6.0.12/spring-expression-6.0.12.jar:/home/marcobilotta/.m2/repository/com/h2database/h2/2.1.214/h2-2.1.214.jar:/home/marcobilotta/.m2/repository/org/springframework/boot/spring-boot-starter-test/3.0.11/spring-boot-starter-test-3.0.11.jar:/home/marcobilotta/.m2/repository/org/springframework/boot/spring-boot-test/3.0.11/spring-boot-test-3.0.11.jar:/home/marcobilotta/.m2/repository/org/springframework/boot/spring-boot-test-autoconfigure/3.0.11/spring-boot-test-autoconfigure-3.0.11.jar:/home/marcobilotta/.m2/repository/com/jayway/jsonpath/json-path/2.7.0/json-path-2.7.0.jar:/home/marcobilotta/.m2/repository/net/minidev/json-smart/2.4.11/json-smart-2.4.11.jar:/home/marcobilotta/.m2/repository/net/minidev/accessors-smart/2.4.11/accessors-smart-2.4.11.jar:/home/marcobilotta/.m2/repository/org/ow2/asm/asm/9.3/asm-9.3.jar:/home/marcobilotta/.m2/repository/jakarta/xml/bind/jakarta.xml.bind-api/4.0.1/jakarta.xml.bind-api-4.0.1.jar:/home/marcobilotta/.m2/repository/jakarta/activation/jakarta.activation-api/2.1.2/jakarta.activation-api-2.1.2.jar:/home/marcobilotta/.m2/repository/org/assertj/assertj-core/3.23.1/assertj-core-3.23.1.jar:/home/marcobilotta/.m2/repository/org/hamcrest/hamcrest/2.2/hamcrest-2.2.jar:/home/marcobilotta/.m2/repository/org/junit/jupiter/junit-jupiter/5.9.3/junit-jupiter-5.9.3.jar:/home/marcobilotta/.m2/repository/org/junit/jupiter/junit-jupiter-api/5.9.3/junit-jupiter-api-5.9.3.jar:/home/marcobilotta/.m2/repository/org/opentest4j/opentest4j/1.2.0/opentest4j-1.2.0.jar:/home/marcobilotta/.m2/repository/org/junit/platform/junit-platform-commons/1.9.3/junit-platform-commons-1.9.3.jar:/home/marcobilotta/.m2/repository/org/apiguardian/apiguardian-api/1.1.2/apiguardian-api-1.1.2.jar:/home/marcobilotta/.m2/repository/org/junit/jupiter/junit-jupiter-params/5.9.3/junit-jupiter-params-5.9.3.jar:/home/marcobilotta/.m2/repository/org/junit/jupiter/junit-jupiter-engine/5.9.3/junit-jupiter-engine-5.9.3.jar:/home/marcobilotta/.m2/repository/org/junit/platform/junit-platform-engine/1.9.3/junit-platform-engine-1.9.3.jar:/home/marcobilotta/.m2/repository/org/mockito/mockito-core/4.8.1/mockito-core-4.8.1.jar:/home/marcobilotta/.m2/repository/net/bytebuddy/byte-buddy-agent/1.12.23/byte-buddy-agent-1.12.23.jar:/home/marcobilotta/.m2/repository/org/objenesis/objenesis/3.2/objenesis-3.2.jar:/home/marcobilotta/.m2/repository/org/mockito/mockito-junit-jupiter/4.8.1/mockito-junit-jupiter-4.8.1.jar:/home/marcobilotta/.m2/repository/org/skyscreamer/jsonassert/1.5.1/jsonassert-1.5.1.jar:/home/marcobilotta/.m2/repository/com/vaadin/external/google/android-json/0.0.20131108.vaadin1/android-json-0.0.20131108.vaadin1.jar:/home/marcobilotta/.m2/repository/org/springframework/spring-core/6.0.12/spring-core-6.0.12.jar:/home/marcobilotta/.m2/repository/org/springframework/spring-jcl/6.0.12/spring-jcl-6.0.12.jar:/home/marcobilotta/.m2/repository/org/springframework/spring-test/6.0.12/spring-test-6.0.12.jar:/home/marcobilotta/.m2/repository/org/xmlunit/xmlunit-core/2.9.1/xmlunit-core-2.9.1.jar:"/>
    <property name="java.vm.vendor" value="Oracle Corporation"/>
    <property name="sun.arch.data.model" value="64"/>
    <property name="java.vendor.url" value="https://java.oracle.com/"/>
    <property name="os.name" value="Linux"/>
    <property name="java.vm.specification.version" value="17"/>
    <property name="sun.java.launcher" value="SUN_STANDARD"/>
    <property name="user.country" value="BR"/>
    <property name="sun.boot.library.path" value="/home/marcobilotta/Documentos/JDK/jdk-17.0.7/lib"/>
    <property name="sun.java.command" value="/home/marcobilotta/GitHub/Repository/Projects/f1-challenge/target/surefire/surefirebooter11231208971427598071.jar /home/marcobilotta/GitHub/Repository/Projects/f1-challenge/target/surefire 2023-10-18T17-06-49_182-jvmRun1 surefire4191098799402542100tmp surefire_02437110496239809394tmp"/>
    <property name="jdk.debug" value="release"/>
    <property name="surefire.test.class.path" value="/home/marcobilotta/GitHub/Repository/Projects/f1-challenge/target/test-classes:/home/marcobilotta/GitHub/Repository/Projects/f1-challenge/target/classes:/home/marcobilotta/.m2/repository/org/springframework/boot/spring-boot-starter-data-jpa/3.0.11/spring-boot-starter-data-jpa-3.0.11.jar:/home/marcobilotta/.m2/repository/org/springframework/boot/spring-boot-starter-aop/3.0.11/spring-boot-starter-aop-3.0.11.jar:/home/marcobilotta/.m2/repository/org/springframework/spring-aop/6.0.12/spring-aop-6.0.12.jar:/home/marcobilotta/.m2/repository/org/aspectj/aspectjweaver/1.9.20/aspectjweaver-1.9.20.jar:/home/marcobilotta/.m2/repository/org/springframework/boot/spring-boot-starter-jdbc/3.0.11/spring-boot-starter-jdbc-3.0.11.jar:/home/marcobilotta/.m2/repository/com/zaxxer/HikariCP/5.0.1/HikariCP-5.0.1.jar:/home/marcobilotta/.m2/repository/org/springframework/spring-jdbc/6.0.12/spring-jdbc-6.0.12.jar:/home/marcobilotta/.m2/repository/org/hibernate/orm/hibernate-core/6.1.7.Final/hibernate-core-6.1.7.Final.jar:/home/marcobilotta/.m2/repository/jakarta/persistence/jakarta.persistence-api/3.1.0/jakarta.persistence-api-3.1.0.jar:/home/marcobilotta/.m2/repository/jakarta/transaction/jakarta.transaction-api/2.0.1/jakarta.transaction-api-2.0.1.jar:/home/marcobilotta/.m2/repository/org/jboss/logging/jboss-logging/3.5.3.Final/jboss-logging-3.5.3.Final.jar:/home/marcobilotta/.m2/repository/org/hibernate/common/hibernate-commons-annotations/6.0.6.Final/hibernate-commons-annotations-6.0.6.Final.jar:/home/marcobilotta/.m2/repository/org/jboss/jandex/2.4.2.Final/jandex-2.4.2.Final.jar:/home/marcobilotta/.m2/repository/com/fasterxml/classmate/1.5.1/classmate-1.5.1.jar:/home/marcobilotta/.m2/repository/net/bytebuddy/byte-buddy/1.12.23/byte-buddy-1.12.23.jar:/home/marcobilotta/.m2/repository/org/glassfish/jaxb/jaxb-runtime/4.0.3/jaxb-runtime-4.0.3.jar:/home/marcobilotta/.m2/repository/org/glassfish/jaxb/jaxb-core/4.0.3/jaxb-core-4.0.3.jar:/home/marcobilotta/.m2/repository/org/eclipse/angus/angus-activation/2.0.1/angus-activation-2.0.1.jar:/home/marcobilotta/.m2/repository/org/glassfish/jaxb/txw2/4.0.3/txw2-4.0.3.jar:/home/marcobilotta/.m2/repository/com/sun/istack/istack-commons-runtime/4.1.2/istack-commons-runtime-4.1.2.jar:/home/marcobilotta/.m2/repository/jakarta/inject/jakarta.inject-api/2.0.0/jakarta.inject-api-2.0.0.jar:/home/marcobilotta/.m2/repository/org/antlr/antlr4-runtime/4.10.1/antlr4-runtime-4.10.1.jar:/home/marcobilotta/.m2/repository/org/springframework/data/spring-data-jpa/3.0.10/spring-data-jpa-3.0.10.jar:/home/marcobilotta/.m2/repository/org/springframework/data/spring-data-commons/3.0.10/spring-data-commons-3.0.10.jar:/home/marcobilotta/.m2/repository/org/springframework/spring-orm/6.0.12/spring-orm-6.0.12.jar:/home/marcobilotta/.m2/repository/org/springframework/spring-context/6.0.12/spring-context-6.0.12.jar:/home/marcobilotta/.m2/repository/org/springframework/spring-tx/6.0.12/spring-tx-6.0.12.jar:/home/marcobilotta/.m2/repository/org/springframework/spring-beans/6.0.12/spring-beans-6.0.12.jar:/home/marcobilotta/.m2/repository/jakarta/annotation/jakarta.annotation-api/2.1.1/jakarta.annotation-api-2.1.1.jar:/home/marcobilotta/.m2/repository/org/slf4j/slf4j-api/2.0.9/slf4j-api-2.0.9.jar:/home/marcobilotta/.m2/repository/org/springframework/spring-aspects/6.0.12/spring-aspects-6.0.12.jar:/home/marcobilotta/.m2/repository/org/springframework/boot/spring-boot-starter-web/3.0.11/spring-boot-starter-web-3.0.11.jar:/home/marcobilotta/.m2/repository/org/springframework/boot/spring-boot-starter/3.0.11/spring-boot-starter-3.0.11.jar:/home/marcobilotta/.m2/repository/org/springframework/boot/spring-boot/3.0.11/spring-boot-3.0.11.jar:/home/marcobilotta/.m2/repository/org/springframework/boot/spring-boot-autoconfigure/3.0.11/spring-boot-autoconfigure-3.0.11.jar:/home/marcobilotta/.m2/repository/org/springframework/boot/spring-boot-starter-logging/3.0.11/spring-boot-starter-logging-3.0.11.jar:/home/marcobilotta/.m2/repository/ch/qos/logback/logback-classic/1.4.11/logback-classic-1.4.11.jar:/home/marcobilotta/.m2/repository/ch/qos/logback/logback-core/1.4.11/logback-core-1.4.11.jar:/home/marcobilotta/.m2/repository/org/apache/logging/log4j/log4j-to-slf4j/2.19.0/log4j-to-slf4j-2.19.0.jar:/home/marcobilotta/.m2/repository/org/apache/logging/log4j/log4j-api/2.19.0/log4j-api-2.19.0.jar:/home/marcobilotta/.m2/repository/org/slf4j/jul-to-slf4j/2.0.9/jul-to-slf4j-2.0.9.jar:/home/marcobilotta/.m2/repository/org/yaml/snakeyaml/1.33/snakeyaml-1.33.jar:/home/marcobilotta/.m2/repository/org/springframework/boot/spring-boot-starter-json/3.0.11/spring-boot-starter-json-3.0.11.jar:/home/marcobilotta/.m2/repository/com/fasterxml/jackson/core/jackson-databind/2.14.3/jackson-databind-2.14.3.jar:/home/marcobilotta/.m2/repository/com/fasterxml/jackson/core/jackson-annotations/2.14.3/jackson-annotations-2.14.3.jar:/home/marcobilotta/.m2/repository/com/fasterxml/jackson/core/jackson-core/2.14.3/jackson-core-2.14.3.jar:/home/marcobilotta/.m2/repository/com/fasterxml/jackson/datatype/jackson-datatype-jdk8/2.14.3/jackson-datatype-jdk8-2.14.3.jar:/home/marcobilotta/.m2/repository/com/fasterxml/jackson/datatype/jackson-datatype-jsr310/2.14.3/jackson-datatype-jsr310-2.14.3.jar:/home/marcobilotta/.m2/repository/com/fasterxml/jackson/module/jackson-module-parameter-names/2.14.3/jackson-module-parameter-names-2.14.3.jar:/home/marcobilotta/.m2/repository/org/springframework/boot/spring-boot-starter-tomcat/3.0.11/spring-boot-starter-tomcat-3.0.11.jar:/home/marcobilotta/.m2/repository/org/apache/tomcat/embed/tomcat-embed-core/10.1.13/tomcat-embed-core-10.1.13.jar:/home/marcobilotta/.m2/repository/org/apache/tomcat/embed/tomcat-embed-el/10.1.13/tomcat-embed-el-10.1.13.jar:/home/marcobilotta/.m2/repository/org/apache/tomcat/embed/tomcat-embed-websocket/10.1.13/tomcat-embed-websocket-10.1.13.jar:/home/marcobilotta/.m2/repository/org/springframework/spring-web/6.0.12/spring-web-6.0.12.jar:/home/marcobilotta/.m2/repository/io/micrometer/micrometer-observation/1.10.11/micrometer-observation-1.10.11.jar:/home/marcobilotta/.m2/repository/io/micrometer/micrometer-commons/1.10.11/micrometer-commons-1.10.11.jar:/home/marcobilotta/.m2/repository/org/springframework/spring-webmvc/6.0.12/spring-webmvc-6.0.12.jar:/home/marcobilotta/.m2/repository/org/springframework/spring-expression/6.0.12/spring-expression-6.0.12.jar:/home/marcobilotta/.m2/repository/com/h2database/h2/2.1.214/h2-2.1.214.jar:/home/marcobilotta/.m2/repository/org/springframework/boot/spring-boot-starter-test/3.0.11/spring-boot-starter-test-3.0.11.jar:/home/marcobilotta/.m2/repository/org/springframework/boot/spring-boot-test/3.0.11/spring-boot-test-3.0.11.jar:/home/marcobilotta/.m2/repository/org/springframework/boot/spring-boot-test-autoconfigure/3.0.11/spring-boot-test-autoconfigure-3.0.11.jar:/home/marcobilotta/.m2/repository/com/jayway/jsonpath/json-path/2.7.0/json-path-2.7.0.jar:/home/marcobilotta/.m2/repository/net/minidev/json-smart/2.4.11/json-smart-2.4.11.jar:/home/marcobilotta/.m2/repository/net/minidev/accessors-smart/2.4.11/accessors-smart-2.4.11.jar:/home/marcobilotta/.m2/repository/org/ow2/asm/asm/9.3/asm-9.3.jar:/home/marcobilotta/.m2/repository/jakarta/xml/bind/jakarta.xml.bind-api/4.0.1/jakarta.xml.bind-api-4.0.1.jar:/home/marcobilotta/.m2/repository/jakarta/activation/jakarta.activation-api/2.1.2/jakarta.activation-api-2.1.2.jar:/home/marcobilotta/.m2/repository/org/assertj/assertj-core/3.23.1/assertj-core-3.23.1.jar:/home/marcobilotta/.m2/repository/org/hamcrest/hamcrest/2.2/hamcrest-2.2.jar:/home/marcobilotta/.m2/repository/org/junit/jupiter/junit-jupiter/5.9.3/junit-jupiter-5.9.3.jar:/home/marcobilotta/.m2/repository/org/junit/jupiter/junit-jupiter-api/5.9.3/junit-jupiter-api-5.9.3.jar:/home/marcobilotta/.m2/repository/org/opentest4j/opentest4j/1.2.0/opentest4j-1.2.0.jar:/home/marcobilotta/.m2/repository/org/junit/platform/junit-platform-commons/1.9.3/junit-platform-commons-1.9.3.jar:/home/marcobilotta/.m2/repository/org/apiguardian/apiguardian-api/1.1.2/apiguardian-api-1.1.2.jar:/home/marcobilotta/.m2/repository/org/junit/jupiter/junit-jupiter-params/5.9.3/junit-jupiter-params-5.9.3.jar:/home/marcobilotta/.m2/repository/org/junit/jupiter/junit-jupiter-engine/5.9.3/junit-jupiter-engine-5.9.3.jar:/home/marcobilotta/.m2/repository/org/junit/platform/junit-platform-engine/1.9.3/junit-platform-engine-1.9.3.jar:/home/marcobilotta/.m2/repository/org/mockito/mockito-core/4.8.1/mockito-core-4.8.1.jar:/home/marcobilotta/.m2/repository/net/bytebuddy/byte-buddy-agent/1.12.23/byte-buddy-agent-1.12.23.jar:/home/marcobilotta/.m2/repository/org/objenesis/objenesis/3.2/objenesis-3.2.jar:/home/marcobilotta/.m2/repository/org/mockito/mockito-junit-jupiter/4.8.1/mockito-junit-jupiter-4.8.1.jar:/home/marcobilotta/.m2/repository/org/skyscreamer/jsonassert/1.5.1/jsonassert-1.5.1.jar:/home/marcobilotta/.m2/repository/com/vaadin/external/google/android-json/0.0.20131108.vaadin1/android-json-0.0.20131108.vaadin1.jar:/home/marcobilotta/.m2/repository/org/springframework/spring-core/6.0.12/spring-core-6.0.12.jar:/home/marcobilotta/.m2/repository/org/springframework/spring-jcl/6.0.12/spring-jcl-6.0.12.jar:/home/marcobilotta/.m2/repository/org/springframework/spring-test/6.0.12/spring-test-6.0.12.jar:/home/marcobilotta/.m2/repository/org/xmlunit/xmlunit-core/2.9.1/xmlunit-core-2.9.1.jar:"/>
    <property name="sun.cpu.endian" value="little"/>
    <property name="user.home" value="/home/marcobilotta"/>
    <property name="user.language" value="pt"/>
    <property name="java.specification.vendor" value="Oracle Corporation"/>
    <property name="java.version.date" value="2023-04-18"/>
    <property name="java.home" value="/home/marcobilotta/Documentos/JDK/jdk-17.0.7"/>
    <property name="file.separator" value="/"/>
    <property name="basedir" value="/home/marcobilotta/GitHub/Repository/Projects/f1-challenge"/>
    <property name="java.vm.compressedOopsMode" value="32-bit"/>
    <property name="line.separator" value="&#10;"/>
    <property name="java.vm.specification.vendor" value="Oracle Corporation"/>
    <property name="java.specification.name" value="Java Platform API Specification"/>
    <property name="surefire.real.class.path" value="/home/marcobilotta/GitHub/Repository/Projects/f1-challenge/target/surefire/surefirebooter11231208971427598071.jar"/>
    <property name="sun.management.compiler" value="HotSpot 64-Bit Tiered Compilers"/>
    <property name="java.runtime.version" value="17.0.7+8-LTS-224"/>
    <property name="user.name" value="marcobilotta"/>
    <property name="path.separator" value=":"/>
    <property name="os.version" value="6.2.0-34-generic"/>
    <property name="java.runtime.name" value="Java(TM) SE Runtime Environment"/>
    <property name="file.encoding" value="UTF-8"/>
    <property name="java.vm.name" value="Java HotSpot(TM) 64-Bit Server VM"/>
    <property name="localRepository" value="/home/marcobilotta/.m2/repository"/>
    <property name="java.vendor.url.bug" value="https://bugreport.java.com/bugreport/"/>
    <property name="java.io.tmpdir" value="/tmp"/>
    <property name="java.version" value="17.0.7"/>
    <property name="user.dir" value="/home/marcobilotta/GitHub/Repository/Projects/f1-challenge"/>
    <property name="os.arch" value="amd64"/>
    <property name="java.vm.specification.name" value="Java Virtual Machine Specification"/>
    <property name="native.encoding" value="UTF-8"/>
    <property name="java.library.path" value="/usr/java/packages/lib:/usr/lib64:/lib64:/lib:/usr/lib"/>
    <property name="java.vm.info" value="mixed mode, sharing"/>
    <property name="java.vendor" value="Oracle Corporation"/>
    <property name="java.vm.version" value="17.0.7+8-LTS-224"/>
    <property name="sun.io.unicode.encoding" value="UnicodeLittle"/>
    <property name="java.class.version" value="61.0"/>
  </properties>
  <testcase name="contextLoads" classname="br.com.mlebilotta.f1challenge.F1challengeApplicationTests" time="0.165"/>
</testsuite>